# JRE version: Java(TM) SE Runtime Environment (9.0+11) (build 9.0.4+11)
# Java VM: Java HotSpot(TM) 64-Bit Server VM (9.0.4+11, mixed mode, tiered, compressed oops, g1 gc, windows-amd64)
Heap:
 garbage-first heap   total 217088K, used 70118K [0x0000000700000000, 0x00000007001006a0, 0x00000007c0000000)
  region size 1024K, 6 young (6144K), 0 survivors (0K)
 Metaspace       used 79446K, capacity 85047K, committed 85156K, reserved 1122304K
  class space    used 11144K, capacity 12140K, committed 12236K, reserved 1048576K
GC Heap History (10 events):
Event: 59.142 GC heap before
{Heap before GC invocations=46 (full 2):
 garbage-first heap   total 183296K, used 119501K [0x0000000700000000, 0x0000000700100598, 0x00000007c0000000)
  region size 1024K, 60 young (61440K), 4 survivors (4096K)
 Metaspace       used 75992K, capacity 81361K, committed 81444K, reserved 1120256K
  class space    used 10610K, capacity 11557K, committed 11596K, reserved 1048576K
}
Event: 59.153 GC heap after
{Heap after GC invocations=47 (full 2):
 garbage-first heap   total 220160K, used 62695K [0x0000000700000000, 0x00000007001006b8, 0x00000007c0000000)
  region size 1024K, 4 young (4096K), 4 survivors (4096K)
 Metaspace       used 75992K, capacity 81361K, committed 81444K, reserved 1120256K
  class space    used 10610K, capacity 11557K, committed 11596K, reserved 1048576K
}
Event: 59.731 GC heap before
{Heap before GC invocations=47 (full 2):
 garbage-first heap   total 220160K, used 120039K [0x0000000700000000, 0x00000007001006b8, 0x00000007c0000000)
  region size 1024K, 60 young (61440K), 4 survivors (4096K)
 Metaspace       used 76102K, capacity 81513K, committed 81700K, reserved 1120256K
  class space    used 10612K, capacity 11559K, committed 11596K, reserved 1048576K
}
Event: 59.743 GC heap after
{Heap after GC invocations=48 (full 2):
 garbage-first heap   total 220160K, used 63434K [0x0000000700000000, 0x00000007001006b8, 0x00000007c0000000)
  region size 1024K, 5 young (5120K), 5 survivors (5120K)
 Metaspace       used 76102K, capacity 81513K, committed 81700K, reserved 1120256K
  class space    used 10612K, capacity 11559K, committed 11596K, reserved 1048576K
}
Event: 60.427 GC heap before
{Heap before GC invocations=48 (full 2):
 garbage-first heap   total 220160K, used 119754K [0x0000000700000000, 0x00000007001006b8, 0x00000007c0000000)
  region size 1024K, 60 young (61440K), 5 survivors (5120K)
 Metaspace       used 77378K, capacity 82887K, committed 83236K, reserved 1120256K
  class space    used 10788K, capacity 11756K, committed 11852K, reserved 1048576K
}
Event: 60.439 GC heap after
{Heap after GC invocations=49 (full 2):
 garbage-first heap   total 220160K, used 65184K [0x0000000700000000, 0x00000007001006b8, 0x00000007c0000000)
  region size 1024K, 6 young (6144K), 6 survivors (6144K)
 Metaspace       used 77378K, capacity 82887K, committed 83236K, reserved 1120256K
  class space    used 10788K, capacity 11756K, committed 11852K, reserved 1048576K
}
Event: 60.780 GC heap before
{Heap before GC invocations=49 (full 2):
 garbage-first heap   total 220160K, used 120480K [0x0000000700000000, 0x00000007001006b8, 0x00000007c0000000)
  region size 1024K, 60 young (61440K), 6 survivors (6144K)
 Metaspace       used 78491K, capacity 84055K, committed 84260K, reserved 1122304K
  class space    used 11047K, capacity 12044K, committed 12108K, reserved 1048576K
}
Event: 60.804 GC heap after
{Heap after GC invocations=50 (full 2):
 garbage-first heap   total 220160K, used 65798K [0x0000000700000000, 0x00000007001006b8, 0x00000007c0000000)
  region size 1024K, 5 young (5120K), 5 survivors (5120K)
 Metaspace       used 78491K, capacity 84055K, committed 84260K, reserved 1122304K
  class space    used 11047K, capacity 12044K, committed 12108K, reserved 1048576K
}
Event: 61.422 GC heap before
{Heap before GC invocations=50 (full 2):
 garbage-first heap   total 220160K, used 113926K [0x0000000700000000, 0x00000007001006b8, 0x00000007c0000000)
  region size 1024K, 47 young (48128K), 5 survivors (5120K)
 Metaspace       used 79368K, capacity 84951K, committed 85028K, reserved 1122304K
  class space    used 11139K, capacity 12108K, committed 12108K, reserved 1048576K
}
Event: 61.670 GC heap after
{Heap after GC invocations=51 (full 3):
 garbage-first heap   total 217088K, used 64998K [0x0000000700000000, 0x00000007001006a0, 0x00000007c0000000)
  region size 1024K, 0 young (0K), 0 survivors (0K)
 Metaspace       used 79368K, capacity 84951K, committed 85028K, reserved 1122304K
  class space    used 11139K, capacity 12108K, committed 12108K, reserved 1048576K
}

