# JRE version: Java(TM) SE Runtime Environment (9.0+11) (build 9.0.4+11)
# Java VM: Java HotSpot(TM) 64-Bit Server VM (9.0.4+11, mixed mode, tiered, compressed oops, g1 gc, windows-amd64)
Heap:
 garbage-first heap   total 163840K, used 127019K [0x0000000700000000, 0x0000000700100500, 0x00000007c0000000)
  region size 1024K, 57 young (58368K), 0 survivors (0K)
 Metaspace       used 82814K, capacity 87673K, committed 89980K, reserved 1126400K
  class space    used 11004K, capacity 11879K, committed 12412K, reserved 1048576K
GC Heap History (10 events):
Event: 3640.688 GC heap before
{Heap before GC invocations=429 (full 149):
 garbage-first heap   total 163840K, used 130524K [0x0000000700000000, 0x0000000700100500, 0x00000007c0000000)
  region size 1024K, 60 young (61440K), 1 survivors (1024K)
 Metaspace       used 82726K, capacity 87507K, committed 89596K, reserved 1126400K
  class space    used 10995K, capacity 11846K, committed 12284K, reserved 1048576K
}
Event: 3640.691 GC heap after
{Heap after GC invocations=430 (full 149):
 garbage-first heap   total 163840K, used 70062K [0x0000000700000000, 0x0000000700100500, 0x00000007c0000000)
  region size 1024K, 1 young (1024K), 1 survivors (1024K)
 Metaspace       used 82726K, capacity 87507K, committed 89596K, reserved 1126400K
  class space    used 10995K, capacity 11846K, committed 12284K, reserved 1048576K
}
Event: 3641.411 GC heap before
{Heap before GC invocations=430 (full 149):
 garbage-first heap   total 163840K, used 130478K [0x0000000700000000, 0x0000000700100500, 0x00000007c0000000)
  region size 1024K, 60 young (61440K), 1 survivors (1024K)
 Metaspace       used 82726K, capacity 87507K, committed 89596K, reserved 1126400K
  class space    used 10995K, capacity 11846K, committed 12284K, reserved 1048576K
}
Event: 3641.414 GC heap after
{Heap after GC invocations=431 (full 149):
 garbage-first heap   total 163840K, used 70094K [0x0000000700000000, 0x0000000700100500, 0x00000007c0000000)
  region size 1024K, 1 young (1024K), 1 survivors (1024K)
 Metaspace       used 82726K, capacity 87507K, committed 89596K, reserved 1126400K
  class space    used 10995K, capacity 11846K, committed 12284K, reserved 1048576K
}
Event: 3648.749 GC heap before
{Heap before GC invocations=431 (full 149):
 garbage-first heap   total 163840K, used 130510K [0x0000000700000000, 0x0000000700100500, 0x00000007c0000000)
  region size 1024K, 60 young (61440K), 1 survivors (1024K)
 Metaspace       used 82755K, capacity 87571K, committed 89852K, reserved 1126400K
  class space    used 10995K, capacity 11846K, committed 12284K, reserved 1048576K
}
Event: 3648.754 GC heap after
{Heap after GC invocations=432 (full 149):
 garbage-first heap   total 163840K, used 70446K [0x0000000700000000, 0x0000000700100500, 0x00000007c0000000)
  region size 1024K, 1 young (1024K), 1 survivors (1024K)
 Metaspace       used 82755K, capacity 87571K, committed 89852K, reserved 1126400K
  class space    used 10995K, capacity 11846K, committed 12284K, reserved 1048576K
}
Event: 3651.384 GC heap before
{Heap before GC invocations=432 (full 149):
 garbage-first heap   total 163840K, used 130862K [0x0000000700000000, 0x0000000700100500, 0x00000007c0000000)
  region size 1024K, 60 young (61440K), 1 survivors (1024K)
 Metaspace       used 82757K, capacity 87571K, committed 89852K, reserved 1126400K
  class space    used 10996K, capacity 11846K, committed 12284K, reserved 1048576K
}
Event: 3651.389 GC heap after
{Heap after GC invocations=433 (full 149):
 garbage-first heap   total 163840K, used 70827K [0x0000000700000000, 0x0000000700100500, 0x00000007c0000000)
  region size 1024K, 2 young (2048K), 2 survivors (2048K)
 Metaspace       used 82757K, capacity 87571K, committed 89852K, reserved 1126400K
  class space    used 10996K, capacity 11846K, committed 12284K, reserved 1048576K
}
Event: 3651.413 GC heap before
{Heap before GC invocations=433 (full 149):
 garbage-first heap   total 163840K, used 72875K [0x0000000700000000, 0x0000000700100500, 0x00000007c0000000)
  region size 1024K, 5 young (5120K), 2 survivors (2048K)
 Metaspace       used 82757K, capacity 87571K, committed 89852K, reserved 1126400K
  class space    used 10996K, capacity 11846K, committed 12284K, reserved 1048576K
}
Event: 3651.652 GC heap after
{Heap after GC invocations=434 (full 150):
 garbage-first heap   total 163840K, used 69675K [0x0000000700000000, 0x0000000700100500, 0x00000007c0000000)
  region size 1024K, 0 young (0K), 0 survivors (0K)
 Metaspace       used 82757K, capacity 87571K, committed 89852K, reserved 1126400K
  class space    used 10996K, capacity 11846K, committed 12284K, reserved 1048576K
}

