# JRE version: Java(TM) SE Runtime Environment (9.0+11) (build 9.0.4+11)
# Java VM: Java HotSpot(TM) 64-Bit Server VM (9.0.4+11, mixed mode, tiered, compressed oops, g1 gc, windows-amd64)
Heap:
 garbage-first heap   total 224256K, used 93108K [0x0000000700000000, 0x00000007001006d8, 0x00000007c0000000)
  region size 1024K, 21 young (21504K), 2 survivors (2048K)
 Metaspace       used 86540K, capacity 88635K, committed 96036K, reserved 1132544K
  class space    used 11200K, capacity 11666K, committed 13132K, reserved 1048576K
GC Heap History (10 events):
Event: 16605.985 GC heap before
{Heap before GC invocations=2989 (full 1418):
 garbage-first heap   total 224256K, used 133665K [0x0000000700000000, 0x00000007001006d8, 0x00000007c0000000)
  region size 1024K, 60 young (61440K), 2 survivors (2048K)
 Metaspace       used 86539K, capacity 88635K, committed 96036K, reserved 1132544K
  class space    used 11200K, capacity 11666K, committed 13132K, reserved 1048576K
}
Event: 16605.989 GC heap after
{Heap after GC invocations=2990 (full 1418):
 garbage-first heap   total 224256K, used 74361K [0x0000000700000000, 0x00000007001006d8, 0x00000007c0000000)
  region size 1024K, 2 young (2048K), 2 survivors (2048K)
 Metaspace       used 86539K, capacity 88635K, committed 96036K, reserved 1132544K
  class space    used 11200K, capacity 11666K, committed 13132K, reserved 1048576K
}
Event: 16606.253 GC heap before
{Heap before GC invocations=2990 (full 1418):
 garbage-first heap   total 224256K, used 133753K [0x0000000700000000, 0x00000007001006d8, 0x00000007c0000000)
  region size 1024K, 60 young (61440K), 2 survivors (2048K)
 Metaspace       used 86540K, capacity 88635K, committed 96036K, reserved 1132544K
  class space    used 11200K, capacity 11666K, committed 13132K, reserved 1048576K
}
Event: 16606.258 GC heap after
{Heap after GC invocations=2991 (full 1418):
 garbage-first heap   total 224256K, used 74411K [0x0000000700000000, 0x00000007001006d8, 0x00000007c0000000)
  region size 1024K, 2 young (2048K), 2 survivors (2048K)
 Metaspace       used 86540K, capacity 88635K, committed 96036K, reserved 1132544K
  class space    used 11200K, capacity 11666K, committed 13132K, reserved 1048576K
}
Event: 16606.522 GC heap before
{Heap before GC invocations=2991 (full 1418):
 garbage-first heap   total 224256K, used 133803K [0x0000000700000000, 0x00000007001006d8, 0x00000007c0000000)
  region size 1024K, 60 young (61440K), 2 survivors (2048K)
 Metaspace       used 86540K, capacity 88635K, committed 96036K, reserved 1132544K
  class space    used 11200K, capacity 11666K, committed 13132K, reserved 1048576K
}
Event: 16606.527 GC heap after
{Heap after GC invocations=2992 (full 1418):
 garbage-first heap   total 224256K, used 74461K [0x0000000700000000, 0x00000007001006d8, 0x00000007c0000000)
  region size 1024K, 2 young (2048K), 2 survivors (2048K)
 Metaspace       used 86540K, capacity 88635K, committed 96036K, reserved 1132544K
  class space    used 11200K, capacity 11666K, committed 13132K, reserved 1048576K
}
Event: 16608.787 GC heap before
{Heap before GC invocations=2992 (full 1418):
 garbage-first heap   total 224256K, used 133853K [0x0000000700000000, 0x00000007001006d8, 0x00000007c0000000)
  region size 1024K, 60 young (61440K), 2 survivors (2048K)
 Metaspace       used 86540K, capacity 88635K, committed 96036K, reserved 1132544K
  class space    used 11200K, capacity 11666K, committed 13132K, reserved 1048576K
}
Event: 16608.793 GC heap after
{Heap after GC invocations=2993 (full 1418):
 garbage-first heap   total 224256K, used 74646K [0x0000000700000000, 0x00000007001006d8, 0x00000007c0000000)
  region size 1024K, 2 young (2048K), 2 survivors (2048K)
 Metaspace       used 86540K, capacity 88635K, committed 96036K, reserved 1132544K
  class space    used 11200K, capacity 11666K, committed 13132K, reserved 1048576K
}
Event: 16610.155 GC heap before
{Heap before GC invocations=2993 (full 1418):
 garbage-first heap   total 224256K, used 134038K [0x0000000700000000, 0x00000007001006d8, 0x00000007c0000000)
  region size 1024K, 60 young (61440K), 2 survivors (2048K)
 Metaspace       used 86540K, capacity 88635K, committed 96036K, reserved 1132544K
  class space    used 11200K, capacity 11666K, committed 13132K, reserved 1048576K
}
Event: 16610.161 GC heap after
{Heap after GC invocations=2994 (full 1418):
 garbage-first heap   total 224256K, used 74676K [0x0000000700000000, 0x00000007001006d8, 0x00000007c0000000)
  region size 1024K, 2 young (2048K), 2 survivors (2048K)
 Metaspace       used 86540K, capacity 88635K, committed 96036K, reserved 1132544K
  class space    used 11200K, capacity 11666K, committed 13132K, reserved 1048576K
}

