# JRE version: Java(TM) SE Runtime Environment (9.0+11) (build 9.0.4+11)
# Java VM: Java HotSpot(TM) 64-Bit Server VM (9.0.4+11, mixed mode, tiered, compressed oops, g1 gc, windows-amd64)
Heap:
 garbage-first heap   total 189440K, used 89688K [0x0000000700000000, 0x00000007001005c8, 0x00000007c0000000)
  region size 1024K, 21 young (21504K), 1 survivors (1024K)
 Metaspace       used 83138K, capacity 89245K, committed 89420K, reserved 1126400K
  class space    used 11229K, capacity 12295K, committed 12416K, reserved 1048576K
GC Heap History (10 events):
Event: 1108.856 GC heap before
{Heap before GC invocations=252 (full 73):
 garbage-first heap   total 189440K, used 117983K [0x0000000700000000, 0x00000007001005c8, 0x00000007c0000000)
  region size 1024K, 49 young (50176K), 1 survivors (1024K)
 Metaspace       used 83119K, capacity 89181K, committed 89420K, reserved 1126400K
  class space    used 11227K, capacity 12295K, committed 12416K, reserved 1048576K
}
Event: 1109.103 GC heap after
{Heap after GC invocations=253 (full 74):
 garbage-first heap   total 189440K, used 69450K [0x0000000700000000, 0x00000007001005c8, 0x00000007c0000000)
  region size 1024K, 0 young (0K), 0 survivors (0K)
 Metaspace       used 83119K, capacity 89181K, committed 89420K, reserved 1126400K
  class space    used 11227K, capacity 12295K, committed 12416K, reserved 1048576K
}
Event: 1109.910 GC heap before
{Heap before GC invocations=253 (full 74):
 garbage-first heap   total 189440K, used 130890K [0x0000000700000000, 0x00000007001005c8, 0x00000007c0000000)
  region size 1024K, 60 young (61440K), 0 survivors (0K)
 Metaspace       used 83131K, capacity 89245K, committed 89420K, reserved 1126400K
  class space    used 11227K, capacity 12295K, committed 12416K, reserved 1048576K
}
Event: 1109.914 GC heap after
{Heap after GC invocations=254 (full 74):
 garbage-first heap   total 189440K, used 70026K [0x0000000700000000, 0x00000007001005c8, 0x00000007c0000000)
  region size 1024K, 1 young (1024K), 1 survivors (1024K)
 Metaspace       used 83131K, capacity 89245K, committed 89420K, reserved 1126400K
  class space    used 11227K, capacity 12295K, committed 12416K, reserved 1048576K
}
Event: 1114.977 GC heap before
{Heap before GC invocations=254 (full 74):
 garbage-first heap   total 189440K, used 130442K [0x0000000700000000, 0x00000007001005c8, 0x00000007c0000000)
  region size 1024K, 60 young (61440K), 1 survivors (1024K)
 Metaspace       used 83131K, capacity 89245K, committed 89420K, reserved 1126400K
  class space    used 11227K, capacity 12295K, committed 12416K, reserved 1048576K
}
Event: 1114.979 GC heap after
{Heap after GC invocations=255 (full 74):
 garbage-first heap   total 189440K, used 69871K [0x0000000700000000, 0x00000007001005c8, 0x00000007c0000000)
  region size 1024K, 1 young (1024K), 1 survivors (1024K)
 Metaspace       used 83131K, capacity 89245K, committed 89420K, reserved 1126400K
  class space    used 11227K, capacity 12295K, committed 12416K, reserved 1048576K
}
Event: 1115.538 GC heap before
{Heap before GC invocations=255 (full 74):
 garbage-first heap   total 189440K, used 130287K [0x0000000700000000, 0x00000007001005c8, 0x00000007c0000000)
  region size 1024K, 60 young (61440K), 1 survivors (1024K)
 Metaspace       used 83131K, capacity 89245K, committed 89420K, reserved 1126400K
  class space    used 11227K, capacity 12295K, committed 12416K, reserved 1048576K
}
Event: 1115.541 GC heap after
{Heap after GC invocations=256 (full 74):
 garbage-first heap   total 189440K, used 69753K [0x0000000700000000, 0x00000007001005c8, 0x00000007c0000000)
  region size 1024K, 1 young (1024K), 1 survivors (1024K)
 Metaspace       used 83131K, capacity 89245K, committed 89420K, reserved 1126400K
  class space    used 11227K, capacity 12295K, committed 12416K, reserved 1048576K
}
Event: 1118.063 GC heap before
{Heap before GC invocations=256 (full 74):
 garbage-first heap   total 189440K, used 130169K [0x0000000700000000, 0x00000007001005c8, 0x00000007c0000000)
  region size 1024K, 60 young (61440K), 1 survivors (1024K)
 Metaspace       used 83138K, capacity 89245K, committed 89420K, reserved 1126400K
  class space    used 11229K, capacity 12295K, committed 12416K, reserved 1048576K
}
Event: 1118.068 GC heap after
{Heap after GC invocations=257 (full 74):
 garbage-first heap   total 189440K, used 70232K [0x0000000700000000, 0x00000007001005c8, 0x00000007c0000000)
  region size 1024K, 1 young (1024K), 1 survivors (1024K)
 Metaspace       used 83138K, capacity 89245K, committed 89420K, reserved 1126400K
  class space    used 11229K, capacity 12295K, committed 12416K, reserved 1048576K
}

