# JRE version: Java(TM) SE Runtime Environment (9.0+11) (build 9.0.4+11)
# Java VM: Java HotSpot(TM) 64-Bit Server VM (9.0.4+11, mixed mode, tiered, compressed oops, g1 gc, windows-amd64)
Heap:
 garbage-first heap   total 214016K, used 108311K [0x0000000700000000, 0x0000000700100688, 0x00000007c0000000)
  region size 1024K, 44 young (45056K), 1 survivors (1024K)
 Metaspace       used 81128K, capacity 87103K, committed 87292K, reserved 1124352K
  class space    used 11195K, capacity 12256K, committed 12284K, reserved 1048576K
GC Heap History (10 events):
Event: 268.172 GC heap before
{Heap before GC invocations=114 (full 15):
 garbage-first heap   total 214016K, used 125424K [0x0000000700000000, 0x0000000700100688, 0x00000007c0000000)
  region size 1024K, 60 young (61440K), 1 survivors (1024K)
 Metaspace       used 81006K, capacity 87039K, committed 87292K, reserved 1124352K
  class space    used 11190K, capacity 12256K, committed 12284K, reserved 1048576K
}
Event: 268.176 GC heap after
{Heap after GC invocations=115 (full 15):
 garbage-first heap   total 214016K, used 65032K [0x0000000700000000, 0x0000000700100688, 0x00000007c0000000)
  region size 1024K, 1 young (1024K), 1 survivors (1024K)
 Metaspace       used 81006K, capacity 87039K, committed 87292K, reserved 1124352K
  class space    used 11190K, capacity 12256K, committed 12284K, reserved 1048576K
}
Event: 271.354 GC heap before
{Heap before GC invocations=115 (full 15):
 garbage-first heap   total 214016K, used 125448K [0x0000000700000000, 0x0000000700100688, 0x00000007c0000000)
  region size 1024K, 60 young (61440K), 1 survivors (1024K)
 Metaspace       used 81011K, capacity 87039K, committed 87292K, reserved 1124352K
  class space    used 11190K, capacity 12256K, committed 12284K, reserved 1048576K
}
Event: 271.358 GC heap after
{Heap after GC invocations=116 (full 15):
 garbage-first heap   total 214016K, used 65053K [0x0000000700000000, 0x0000000700100688, 0x00000007c0000000)
  region size 1024K, 1 young (1024K), 1 survivors (1024K)
 Metaspace       used 81011K, capacity 87039K, committed 87292K, reserved 1124352K
  class space    used 11190K, capacity 12256K, committed 12284K, reserved 1048576K
}
Event: 273.674 GC heap before
{Heap before GC invocations=116 (full 15):
 garbage-first heap   total 214016K, used 125469K [0x0000000700000000, 0x0000000700100688, 0x00000007c0000000)
  region size 1024K, 60 young (61440K), 1 survivors (1024K)
 Metaspace       used 81052K, capacity 87039K, committed 87292K, reserved 1124352K
  class space    used 11190K, capacity 12256K, committed 12284K, reserved 1048576K
}
Event: 273.679 GC heap after
{Heap after GC invocations=117 (full 15):
 garbage-first heap   total 214016K, used 65153K [0x0000000700000000, 0x0000000700100688, 0x00000007c0000000)
  region size 1024K, 1 young (1024K), 1 survivors (1024K)
 Metaspace       used 81052K, capacity 87039K, committed 87292K, reserved 1124352K
  class space    used 11190K, capacity 12256K, committed 12284K, reserved 1048576K
}
Event: 276.498 GC heap before
{Heap before GC invocations=117 (full 15):
 garbage-first heap   total 214016K, used 125569K [0x0000000700000000, 0x0000000700100688, 0x00000007c0000000)
  region size 1024K, 60 young (61440K), 1 survivors (1024K)
 Metaspace       used 81067K, capacity 87039K, committed 87292K, reserved 1124352K
  class space    used 11190K, capacity 12256K, committed 12284K, reserved 1048576K
}
Event: 276.503 GC heap after
{Heap after GC invocations=118 (full 15):
 garbage-first heap   total 214016K, used 65234K [0x0000000700000000, 0x0000000700100688, 0x00000007c0000000)
  region size 1024K, 1 young (1024K), 1 survivors (1024K)
 Metaspace       used 81067K, capacity 87039K, committed 87292K, reserved 1124352K
  class space    used 11190K, capacity 12256K, committed 12284K, reserved 1048576K
}
Event: 279.313 GC heap before
{Heap before GC invocations=118 (full 15):
 garbage-first heap   total 214016K, used 125650K [0x0000000700000000, 0x0000000700100688, 0x00000007c0000000)
  region size 1024K, 60 young (61440K), 1 survivors (1024K)
 Metaspace       used 81108K, capacity 87103K, committed 87292K, reserved 1124352K
  class space    used 11190K, capacity 12256K, committed 12284K, reserved 1048576K
}
Event: 279.318 GC heap after
{Heap after GC invocations=119 (full 15):
 garbage-first heap   total 214016K, used 65303K [0x0000000700000000, 0x0000000700100688, 0x00000007c0000000)
  region size 1024K, 1 young (1024K), 1 survivors (1024K)
 Metaspace       used 81108K, capacity 87103K, committed 87292K, reserved 1124352K
  class space    used 11190K, capacity 12256K, committed 12284K, reserved 1048576K
}

